<?xml version="1.0" encoding="UTF-8"?>
<!-- Generated by org.testng.reporters.JUnitReportReporter -->
<testsuite hostname="EP-CP-102" name="healthProduct.MissionHealth" tests="1" failures="0" timestamp="10 May 2017 10:42:48 GMT" time="15.615" errors="0">
  <testcase name="openBrowser" time="15.615" classname="healthProduct.MissionHealth"/>
</testsuite> <!-- healthProduct.MissionHealth -->
