<?xml version="1.0" encoding="UTF-8"?>
<!-- Generated by org.testng.reporters.JUnitReportReporter -->
<testsuite hostname="EP-CP-102" name="healthProduct.DatabaseValidation" tests="1" failures="0" timestamp="16 Jun 2017 06:30:22 GMT" time="47.230" errors="0">
  <testcase name="test" time="47.230" classname="healthProduct.DatabaseValidation"/>
</testsuite> <!-- healthProduct.DatabaseValidation -->
