<?xml version="1.0" encoding="UTF-8"?>
<!-- Generated by org.testng.reporters.JUnitReportReporter -->
<testsuite hostname="EP-CP-102" name="healthProduct.AllPlans" tests="4" failures="0" timestamp="12 Jun 2017 12:14:20 GMT" time="66.696" errors="0">
  <testcase name="printMaturityBenifitInToExcel" time="3.857" classname="healthProduct.AllPlans"/>
  <testcase name="printAllPlansAndMaturityBenifitOnQuotesPage" time="20.776" classname="healthProduct.AllPlans"/>
  <testcase name="openBrowser" time="19.618" classname="healthProduct.AllPlans"/>
  <testcase name="printAllPlansToExcel" time="22.445" classname="healthProduct.AllPlans"/>
</testsuite> <!-- healthProduct.AllPlans -->
