<?xml version="1.0" encoding="UTF-8"?>
<!-- Generated by org.testng.reporters.JUnitReportReporter -->
<testsuite hostname="EP-CP-102" name="healthProduct.DBcon" tests="1" failures="0" timestamp="15 Jun 2017 17:17:52 GMT" time="0.359" errors="0">
  <testcase name="test" time="0.359" classname="healthProduct.DBcon"/>
</testsuite> <!-- healthProduct.DBcon -->
