<?xml version="1.0" encoding="UTF-8"?>
<!-- Generated by org.testng.reporters.JUnitReportReporter -->
<testsuite hostname="EP-CP-102" name="termProduct.SaveTestNGResultToExcel" tests="4" failures="0" timestamp="9 May 2017 12:45:48 GMT" time="30.761" errors="0">
  <testcase name="checkFail" time="0.039" classname="termProduct.SaveTestNGResultToExcel"/>
  <testcase name="DoLogin" time="12.224" classname="termProduct.SaveTestNGResultToExcel"/>
  <testcase name="FillLoginDetails" time="1.519" classname="termProduct.SaveTestNGResultToExcel"/>
  <testcase name="LaunchWebsite" time="16.979" classname="termProduct.SaveTestNGResultToExcel"/>
</testsuite> <!-- termProduct.SaveTestNGResultToExcel -->
