<?xml version="1.0" encoding="UTF-8"?>
<!-- Generated by org.testng.reporters.JUnitReportReporter -->
<testsuite hostname="EP-CP-102" name="pensionProduct.PensionProductJourney" tests="11" failures="0" timestamp="7 Jul 2017 08:52:21 GMT" time="131.661" errors="1">
  <testcase name="GetLiveQuotes" time="8.050" classname="pensionProduct.PensionProductJourney"/>
  <testcase name="EldestMember" time="1.084" classname="pensionProduct.PensionProductJourney"/>
  <testcase name="CustomerPopup" time="8.399" classname="pensionProduct.PensionProductJourney"/>
  <testcase name="QuotesBuyNow" time="87.271" classname="pensionProduct.PensionProductJourney">
    <error type="org.openqa.selenium.UnhandledAlertException" message="Unexpected modal dialog (text: The information you have entered on this page will be sent over an insecure connection and could be read by a third party.

Are you sure you want to send this information?): The information you have entered on this page will be sent over an insecure connection and could be read by a third party.

Are you sure you want to send this information?
Build info: version: &#039;2.53.1&#039;, revision: &#039;a36b8b1&#039;, time: &#039;2016-06-30 17:37:03&#039;
System info: host: &#039;EP-CP-102&#039;, ip: &#039;192.168.3.157&#039;, os.name: &#039;Windows 7&#039;, os.arch: &#039;amd64&#039;, os.version: &#039;6.1&#039;, java.version: &#039;1.8.0_65&#039;
Driver info: org.openqa.selenium.firefox.FirefoxDriver
Capabilities [{applicationCacheEnabled=true, rotatable=false, handlesAlerts=true, databaseEnabled=true, version=47.0.1, platform=WINDOWS, nativeEvents=false, acceptSslCerts=true, webStorageEnabled=true, locationContextEnabled=true, browserName=firefox, takesScreenshot=true, javascriptEnabled=true, cssSelectorsEnabled=true}]
Session ID: 866f2010-d560-4882-a8c0-feadb3369b2f">
      <![CDATA[org.openqa.selenium.UnhandledAlertException: Unexpected modal dialog (text: The information you have entered on this page will be sent over an insecure connection and could be read by a third party.

Are you sure you want to send this information?): The information you have entered on this page will be sent over an insecure connection and could be read by a third party.

Are you sure you want to send this information?
Build info: version: '2.53.1', revision: 'a36b8b1', time: '2016-06-30 17:37:03'
System info: host: 'EP-CP-102', ip: '192.168.3.157', os.name: 'Windows 7', os.arch: 'amd64', os.version: '6.1', java.version: '1.8.0_65'
Driver info: org.openqa.selenium.firefox.FirefoxDriver
Capabilities [{applicationCacheEnabled=true, rotatable=false, handlesAlerts=true, databaseEnabled=true, version=47.0.1, platform=WINDOWS, nativeEvents=false, acceptSslCerts=true, webStorageEnabled=true, locationContextEnabled=true, browserName=firefox, takesScreenshot=true, javascriptEnabled=true, cssSelectorsEnabled=true}]
Session ID: 866f2010-d560-4882-a8c0-feadb3369b2f
	at sun.reflect.NativeConstructorAccessorImpl.newInstance0(Native Method)
	at sun.reflect.NativeConstructorAccessorImpl.newInstance(Unknown Source)
	at sun.reflect.DelegatingConstructorAccessorImpl.newInstance(Unknown Source)
	at java.lang.reflect.Constructor.newInstance(Unknown Source)
	at org.openqa.selenium.remote.ErrorHandler.createThrowable(ErrorHandler.java:206)
	at org.openqa.selenium.remote.ErrorHandler.createUnhandledAlertException(ErrorHandler.java:187)
	at org.openqa.selenium.remote.ErrorHandler.throwIfResponseFailed(ErrorHandler.java:154)
	at org.openqa.selenium.remote.RemoteWebDriver.execute(RemoteWebDriver.java:678)
	at org.openqa.selenium.remote.RemoteWebDriver.get(RemoteWebDriver.java:316)
	at org.openqa.selenium.remote.RemoteWebDriver$RemoteNavigation.to(RemoteWebDriver.java:969)
	at pensionProduct.PensionProductJourney.QuotesBuyNow(PensionProductJourney.java:353)
	at sun.reflect.NativeMethodAccessorImpl.invoke0(Native Method)
	at sun.reflect.NativeMethodAccessorImpl.invoke(Unknown Source)
	at sun.reflect.DelegatingMethodAccessorImpl.invoke(Unknown Source)
	at java.lang.reflect.Method.invoke(Unknown Source)
	at org.testng.internal.MethodInvocationHelper.invokeMethod(MethodInvocationHelper.java:85)
	at org.testng.internal.Invoker.invokeMethod(Invoker.java:639)
	at org.testng.internal.Invoker.invokeTestMethod(Invoker.java:816)
	at org.testng.internal.Invoker.invokeTestMethods(Invoker.java:1124)
	at org.testng.internal.TestMethodWorker.invokeTestMethods(TestMethodWorker.java:125)
	at org.testng.internal.TestMethodWorker.run(TestMethodWorker.java:108)
	at org.testng.TestRunner.privateRun(TestRunner.java:774)
	at org.testng.TestRunner.run(TestRunner.java:624)
	at org.testng.SuiteRunner.runTest(SuiteRunner.java:359)
	at org.testng.SuiteRunner.runSequentially(SuiteRunner.java:354)
	at org.testng.SuiteRunner.privateRun(SuiteRunner.java:312)
	at org.testng.SuiteRunner.run(SuiteRunner.java:261)
	at org.testng.SuiteRunnerWorker.runSuite(SuiteRunnerWorker.java:52)
	at org.testng.SuiteRunnerWorker.run(SuiteRunnerWorker.java:86)
	at org.testng.TestNG.runSuitesSequentially(TestNG.java:1215)
	at org.testng.TestNG.runSuitesLocally(TestNG.java:1140)
	at org.testng.TestNG.run(TestNG.java:1048)
	at org.testng.remote.AbstractRemoteTestNG.run(AbstractRemoteTestNG.java:126)
	at org.testng.remote.RemoteTestNG.initAndRun(RemoteTestNG.java:152)
	at org.testng.remote.RemoteTestNG.main(RemoteTestNG.java:57)
]]>
    </error>
  </testcase> <!-- QuotesBuyNow -->
  <testcase name="FillLoginDetails" time="5.537" classname="pensionProduct.PensionProductJourney"/>
  <testcase name="CustomerMobno" time="0.228" classname="pensionProduct.PensionProductJourney"/>
  <testcase name="CustomerProceed" time="2.027" classname="pensionProduct.PensionProductJourney"/>
  <testcase name="LaunchWebsite" time="6.745" classname="pensionProduct.PensionProductJourney"/>
  <testcase name="CustomerEmail" time="0.414" classname="pensionProduct.PensionProductJourney"/>
  <testcase name="InvestAmount" time="2.581" classname="pensionProduct.PensionProductJourney"/>
  <testcase name="ChildDOB" time="9.325" classname="pensionProduct.PensionProductJourney"/>
</testsuite> <!-- pensionProduct.PensionProductJourney -->
