<?xml version="1.0" encoding="UTF-8"?>
<!-- Generated by org.testng.reporters.JUnitReportReporter -->
<testsuite hostname="EP-CP-102" name="healthProduct.SaveHealthTestNGResultToExcel" tests="8" failures="0" timestamp="1 Jun 2017 09:05:36 GMT" time="38.562" errors="0">
  <testcase name="GetLiveQuotes" time="17.501" classname="healthProduct.SaveHealthTestNGResultToExcel"/>
  <testcase name="FillLoginDetails" time="2.566" classname="healthProduct.SaveHealthTestNGResultToExcel"/>
  <testcase name="EldestMember" time="1.158" classname="healthProduct.SaveHealthTestNGResultToExcel"/>
  <testcase name="DOB" time="3.431" classname="healthProduct.SaveHealthTestNGResultToExcel"/>
  <testcase name="LaunchWebsite" time="8.618" classname="healthProduct.SaveHealthTestNGResultToExcel"/>
  <testcase name="City" time="2.306" classname="healthProduct.SaveHealthTestNGResultToExcel"/>
  <testcase name="Child" time="1.413" classname="healthProduct.SaveHealthTestNGResultToExcel"/>
  <testcase name="Adult" time="1.569" classname="healthProduct.SaveHealthTestNGResultToExcel"/>
</testsuite> <!-- healthProduct.SaveHealthTestNGResultToExcel -->
