<?xml version="1.0" encoding="UTF-8"?>
<!-- Generated by org.testng.reporters.JUnitReportReporter -->
<testsuite hostname="EP-CP-102" name="childProduct.ChildProductJourney" tests="12" failures="0" timestamp="7 Jul 2017 08:41:38 GMT" time="625.550" errors="0">
  <testcase name="FillLoginDetails" time="8.006" classname="childProduct.ChildProductJourney"/>
  <testcase name="AnnualIncome" time="2.420" classname="childProduct.ChildProductJourney"/>
  <testcase name="QuotesBuyNow" time="563.676" classname="childProduct.ChildProductJourney"/>
  <testcase name="ParentDOB" time="3.345" classname="childProduct.ChildProductJourney"/>
  <testcase name="CustomerMobno" time="0.645" classname="childProduct.ChildProductJourney"/>
  <testcase name="EldestMember" time="1.176" classname="childProduct.ChildProductJourney"/>
  <testcase name="CustomerProceed" time="0.981" classname="childProduct.ChildProductJourney"/>
  <testcase name="GetLiveQuotes" time="18.333" classname="childProduct.ChildProductJourney"/>
  <testcase name="ChildDOB" time="6.618" classname="childProduct.ChildProductJourney"/>
  <testcase name="CustomerEmail" time="0.367" classname="childProduct.ChildProductJourney"/>
  <testcase name="LaunchWebsite" time="11.502" classname="childProduct.ChildProductJourney"/>
  <testcase name="CustomerPopup" time="8.481" classname="childProduct.ChildProductJourney"/>
</testsuite> <!-- childProduct.ChildProductJourney -->
