<?xml version="1.0" encoding="UTF-8"?>
<!-- Generated by org.testng.reporters.JUnitReportReporter -->
<testsuite hostname="EP-CP-102" name="healthProduct.HealthProductJourneyWithExcel" tests="13" failures="0" timestamp="17 Aug 2017 10:09:00 GMT" time="75.134" errors="0">
  <testcase name="FillLoginDetails" time="1.654" classname="healthProduct.HealthProductJourneyWithExcel"/>
  <testcase name="Child" time="1.148" classname="healthProduct.HealthProductJourneyWithExcel"/>
  <testcase name="EldestMember" time="1.118" classname="healthProduct.HealthProductJourneyWithExcel"/>
  <testcase name="GetLiveQuotes" time="5.266" classname="healthProduct.HealthProductJourneyWithExcel"/>
  <testcase name="CustomerPopup" time="13.053" classname="healthProduct.HealthProductJourneyWithExcel"/>
  <testcase name="LaunchWebsite" time="7.747" classname="healthProduct.HealthProductJourneyWithExcel"/>
  <testcase name="CustomerEmail" time="5.027" classname="healthProduct.HealthProductJourneyWithExcel"/>
  <testcase name="Adult" time="4.843" classname="healthProduct.HealthProductJourneyWithExcel"/>
  <testcase name="City" time="1.578" classname="healthProduct.HealthProductJourneyWithExcel"/>
  <testcase name="CustomerMobno" time="5.132" classname="healthProduct.HealthProductJourneyWithExcel"/>
  <testcase name="CustomerProceed" time="5.105" classname="healthProduct.HealthProductJourneyWithExcel"/>
  <testcase name="QuotesBuyNow" time="20.066" classname="healthProduct.HealthProductJourneyWithExcel"/>
  <testcase name="DOB" time="3.397" classname="healthProduct.HealthProductJourneyWithExcel"/>
</testsuite> <!-- healthProduct.HealthProductJourneyWithExcel -->
