<?xml version="1.0" encoding="UTF-8"?>
<!-- Generated by org.testng.reporters.JUnitReportReporter -->
<testsuite hostname="EP-CP-102" name="carProduct.CarProductJourney" tests="13" failures="0" timestamp="30 Jun 2017 07:58:42 GMT" time="45.339" errors="0">
  <testcase name="CustomerEmail" time="0.340" classname="carProduct.CarProductJourney"/>
  <testcase name="CustomerProceed" time="1.490" classname="carProduct.CarProductJourney"/>
  <testcase name="clickCarProduct" time="5.848" classname="carProduct.CarProductJourney"/>
  <testcase name="LaunchWebsite" time="9.031" classname="carProduct.CarProductJourney"/>
  <testcase name="CustomerMobno" time="0.214" classname="carProduct.CarProductJourney"/>
  <testcase name="EldestMember" time="2.364" classname="carProduct.CarProductJourney"/>
  <testcase name="Child" time="3.426" classname="carProduct.CarProductJourney"/>
  <testcase name="DOB" time="2.560" classname="carProduct.CarProductJourney"/>
  <testcase name="GetLiveQuotes" time="8.789" classname="carProduct.CarProductJourney"/>
  <testcase name="CustomerPopup" time="8.584" classname="carProduct.CarProductJourney"/>
  <testcase name="Adult" time="1.188" classname="carProduct.CarProductJourney"/>
  <testcase name="QuotesBuyNow" time="0.077" classname="carProduct.CarProductJourney"/>
  <testcase name="Lastclaim" time="1.428" classname="carProduct.CarProductJourney"/>
</testsuite> <!-- carProduct.CarProductJourney -->
