<?xml version="1.0" encoding="UTF-8"?>
<!-- Generated by org.testng.reporters.JUnitReportReporter -->
<testsuite hostname="EP-CP-102" name="healthProduct.CignaProposal" tests="27" failures="0" timestamp="10 Jul 2017 06:30:59 GMT" time="1.373" errors="0">
  <testcase name="NomineeRelation" time="0.041" classname="healthProduct.CignaProposal"/>
  <testcase name="AdultHeightInches" time="0.035" classname="healthProduct.CignaProposal"/>
  <testcase name="ChildDOB" time="0.091" classname="healthProduct.CignaProposal"/>
  <testcase name="ProposerSaveandContinue" time="0.208" classname="healthProduct.CignaProposal"/>
  <testcase name="CignaProposalFill" time="0.056" classname="healthProduct.CignaProposal"/>
  <testcase name="ProceedToPayment" time="0.037" classname="healthProduct.CignaProposal"/>
  <testcase name="MaritalStatus" time="0.037" classname="healthProduct.CignaProposal"/>
  <testcase name="ChildHeightFeet" time="0.036" classname="healthProduct.CignaProposal"/>
  <testcase name="ChildSalutation" time="0.039" classname="healthProduct.CignaProposal"/>
  <testcase name="MobileNo" time="0.039" classname="healthProduct.CignaProposal"/>
  <testcase name="ChildFirstName" time="0.055" classname="healthProduct.CignaProposal"/>
  <testcase name="PinCode" time="0.053" classname="healthProduct.CignaProposal"/>
  <testcase name="ChildHeightInches" time="0.037" classname="healthProduct.CignaProposal"/>
  <testcase name="AdultHeightFeet" time="0.048" classname="healthProduct.CignaProposal"/>
  <testcase name="ChildWeight" time="0.067" classname="healthProduct.CignaProposal"/>
  <testcase name="MedicalHistory" time="0.049" classname="healthProduct.CignaProposal"/>
  <testcase name="EmailID" time="0.032" classname="healthProduct.CignaProposal"/>
  <testcase name="FillLastName" time="0.039" classname="healthProduct.CignaProposal"/>
  <testcase name="AddressTwo" time="0.054" classname="healthProduct.CignaProposal"/>
  <testcase name="AdultMaritalStatus" time="0.052" classname="healthProduct.CignaProposal"/>
  <testcase name="AdultWeight" time="0.039" classname="healthProduct.CignaProposal"/>
  <testcase name="ChildLastName" time="0.031" classname="healthProduct.CignaProposal"/>
  <testcase name="NomineeName" time="0.036" classname="healthProduct.CignaProposal"/>
  <testcase name="Profession" time="0.037" classname="healthProduct.CignaProposal"/>
  <testcase name="AddressOne" time="0.056" classname="healthProduct.CignaProposal"/>
  <testcase name="MedicalHistorySaveAndContinue" time="0.040" classname="healthProduct.CignaProposal"/>
  <testcase name="MemberSaveAndContinue" time="0.029" classname="healthProduct.CignaProposal"/>
</testsuite> <!-- healthProduct.CignaProposal -->
